<?xml version="1.0" encoding="UTF-8"?>
<!-- Generated by org.testng.reporters.JUnitReportReporter -->
<testsuite skipped="0" hostname="Pro-PC" name="script.InvalidLogin" tests="1" failures="0" timestamp="13 Mar 2018 13:24:19 GMT" time="7.988" errors="0">
  <testcase name="invalidLogin" time="7.988" classname="script.InvalidLogin"/>
</testsuite> <!-- script.InvalidLogin -->
